# JRE version: Java(TM) SE Runtime Environment (8.0_131-b11) (build 1.8.0_131-b11)
# Java VM: Java HotSpot(TM) 64-Bit Server VM (25.131-b11 mixed mode linux-amd64 compressed oops)
Heap:
 PSYoungGen      total 302080K, used 273617K [0x0000000781f80000, 0x0000000796100000, 0x00000007c0000000)
  eden space 282112K, 93% used [0x0000000781f80000,0x000000079212b518,0x0000000793300000)
  from space 19968K, 48% used [0x0000000794d80000,0x0000000795709250,0x0000000796100000)
  to   space 23552K, 0% used [0x0000000793300000,0x0000000793300000,0x0000000794a00000)
 ParOldGen       total 269824K, used 34116K [0x0000000705e00000, 0x0000000716580000, 0x0000000781f80000)
  object space 269824K, 12% used [0x0000000705e00000,0x0000000707f512c0,0x0000000716580000)
 Metaspace       used 134723K, capacity 142369K, committed 142528K, reserved 1169408K
  class space    used 17298K, capacity 23531K, committed 23552K, reserved 1048576K
GC Heap History (10 events):
Event: 19.910 GC heap before
{Heap before GC invocations=16 (full 3):
 PSYoungGen      total 218624K, used 218091K [0x0000000781f80000, 0x0000000790b80000, 0x00000007c0000000)
  eden space 201728K, 100% used [0x0000000781f80000,0x000000078e480000,0x000000078e480000)
  from space 16896K, 96% used [0x000000078f680000,0x000000079067ae48,0x0000000790700000)
  to   space 18432K, 0% used [0x000000078e480000,0x000000078e480000,0x000000078f680000)
 ParOldGen       total 190976K, used 19545K [0x0000000705e00000, 0x0000000711880000, 0x0000000781f80000)
  object space 190976K, 10% used [0x0000000705e00000,0x00000007071167f0,0x0000000711880000)
 Metaspace       used 88436K, capacity 91748K, committed 91904K, reserved 1126400K
  class space    used 12097K, capacity 14477K, committed 14592K, reserved 1048576K
Event: 19.931 GC heap after
Heap after GC invocations=16 (full 3):
 PSYoungGen      total 220160K, used 18402K [0x0000000781f80000, 0x0000000793400000, 0x00000007c0000000)
  eden space 201728K, 0% used [0x0000000781f80000,0x0000000781f80000,0x000000078e480000)
  from space 18432K, 99% used [0x000000078e480000,0x000000078f678890,0x000000078f680000)
  to   space 20992K, 0% used [0x0000000791f80000,0x0000000791f80000,0x0000000793400000)
 ParOldGen       total 190976K, used 20433K [0x0000000705e00000, 0x0000000711880000, 0x0000000781f80000)
  object space 190976K, 10% used [0x0000000705e00000,0x00000007071f47c8,0x0000000711880000)
 Metaspace       used 88436K, capacity 91748K, committed 91904K, reserved 1126400K
  class space    used 12097K, capacity 14477K, committed 14592K, reserved 1048576K
}
Event: 21.571 GC heap before
{Heap before GC invocations=17 (full 3):
 PSYoungGen      total 220160K, used 200829K [0x0000000781f80000, 0x0000000793400000, 0x00000007c0000000)
  eden space 201728K, 90% used [0x0000000781f80000,0x000000078d1a6e10,0x000000078e480000)
  from space 18432K, 99% used [0x000000078e480000,0x000000078f678890,0x000000078f680000)
  to   space 20992K, 0% used [0x0000000791f80000,0x0000000791f80000,0x0000000793400000)
 ParOldGen       total 190976K, used 20433K [0x0000000705e00000, 0x0000000711880000, 0x0000000781f80000)
  object space 190976K, 10% used [0x0000000705e00000,0x00000007071f47c8,0x0000000711880000)
 Metaspace       used 95045K, capacity 98388K, committed 98560K, reserved 1132544K
  class space    used 13024K, capacity 15446K, committed 15488K, reserved 1048576K
Event: 21.603 GC heap after
Heap after GC invocations=17 (full 3):
 PSYoungGen      total 260608K, used 17457K [0x0000000781f80000, 0x0000000793a80000, 0x00000007c0000000)
  eden space 239616K, 0% used [0x0000000781f80000,0x0000000781f80000,0x0000000790980000)
  from space 20992K, 83% used [0x0000000791f80000,0x000000079308c738,0x0000000793400000)
  to   space 22528K, 0% used [0x0000000790980000,0x0000000790980000,0x0000000791f80000)
 ParOldGen       total 190976K, used 20441K [0x0000000705e00000, 0x0000000711880000, 0x0000000781f80000)
  object space 190976K, 10% used [0x0000000705e00000,0x00000007071f67c8,0x0000000711880000)
 Metaspace       used 95045K, capacity 98388K, committed 98560K, reserved 1132544K
  class space    used 13024K, capacity 15446K, committed 15488K, reserved 1048576K
}
Event: 21.603 GC heap before
{Heap before GC invocations=18 (full 4):
 PSYoungGen      total 260608K, used 17457K [0x0000000781f80000, 0x0000000793a80000, 0x00000007c0000000)
  eden space 239616K, 0% used [0x0000000781f80000,0x0000000781f80000,0x0000000790980000)
  from space 20992K, 83% used [0x0000000791f80000,0x000000079308c738,0x0000000793400000)
  to   space 22528K, 0% used [0x0000000790980000,0x0000000790980000,0x0000000791f80000)
 ParOldGen       total 190976K, used 20441K [0x0000000705e00000, 0x0000000711880000, 0x0000000781f80000)
  object space 190976K, 10% used [0x0000000705e00000,0x00000007071f67c8,0x0000000711880000)
 Metaspace       used 95045K, capacity 98388K, committed 98560K, reserved 1132544K
  class space    used 13024K, capacity 15446K, committed 15488K, reserved 1048576K
Event: 21.770 GC heap after
Heap after GC invocations=18 (full 4):
 PSYoungGen      total 260608K, used 0K [0x0000000781f80000, 0x0000000793a80000, 0x00000007c0000000)
  eden space 239616K, 0% used [0x0000000781f80000,0x0000000781f80000,0x0000000790980000)
  from space 20992K, 0% used [0x0000000791f80000,0x0000000791f80000,0x0000000793400000)
  to   space 22528K, 0% used [0x0000000790980000,0x0000000790980000,0x0000000791f80000)
 ParOldGen       total 269824K, used 34100K [0x0000000705e00000, 0x0000000716580000, 0x0000000781f80000)
  object space 269824K, 12% used [0x0000000705e00000,0x0000000707f4d2c0,0x0000000716580000)
 Metaspace       used 95042K, capacity 98382K, committed 98560K, reserved 1132544K
  class space    used 13023K, capacity 15445K, committed 15488K, reserved 1048576K
}
Event: 35.621 GC heap before
{Heap before GC invocations=19 (full 4):
 PSYoungGen      total 260608K, used 239616K [0x0000000781f80000, 0x0000000793a80000, 0x00000007c0000000)
  eden space 239616K, 100% used [0x0000000781f80000,0x0000000790980000,0x0000000790980000)
  from space 20992K, 0% used [0x0000000791f80000,0x0000000791f80000,0x0000000793400000)
  to   space 22528K, 0% used [0x0000000790980000,0x0000000790980000,0x0000000791f80000)
 ParOldGen       total 269824K, used 34100K [0x0000000705e00000, 0x0000000716580000, 0x0000000781f80000)
  object space 269824K, 12% used [0x0000000705e00000,0x0000000707f4d2c0,0x0000000716580000)
 Metaspace       used 110693K, capacity 114294K, committed 114560K, reserved 1146880K
  class space    used 14751K, capacity 17223K, committed 17280K, reserved 1048576K
Event: 35.652 GC heap after
Heap after GC invocations=19 (full 4):
 PSYoungGen      total 262144K, used 18701K [0x0000000781f80000, 0x0000000796500000, 0x00000007c0000000)
  eden space 239616K, 0% used [0x0000000781f80000,0x0000000781f80000,0x0000000790980000)
  from space 22528K, 83% used [0x0000000790980000,0x0000000791bc34e0,0x0000000791f80000)
  to   space 24064K, 0% used [0x0000000794d80000,0x0000000794d80000,0x0000000796500000)
 ParOldGen       total 269824K, used 34116K [0x0000000705e00000, 0x0000000716580000, 0x0000000781f80000)
  object space 269824K, 12% used [0x0000000705e00000,0x0000000707f512c0,0x0000000716580000)
 Metaspace       used 110693K, capacity 114294K, committed 114560K, reserved 1146880K
  class space    used 14751K, capacity 17223K, committed 17280K, reserved 1048576K
}
Event: 39.653 GC heap before
{Heap before GC invocations=20 (full 4):
 PSYoungGen      total 262144K, used 258317K [0x0000000781f80000, 0x0000000796500000, 0x00000007c0000000)
  eden space 239616K, 100% used [0x0000000781f80000,0x0000000790980000,0x0000000790980000)
  from space 22528K, 83% used [0x0000000790980000,0x0000000791bc34e0,0x0000000791f80000)
  to   space 24064K, 0% used [0x0000000794d80000,0x0000000794d80000,0x0000000796500000)
 ParOldGen       total 269824K, used 34116K [0x0000000705e00000, 0x0000000716580000, 0x0000000781f80000)
  object space 269824K, 12% used [0x0000000705e00000,0x0000000707f512c0,0x0000000716580000)
 Metaspace       used 113744K, capacity 118198K, committed 118400K, reserved 1148928K
  class space    used 15082K, capacity 18294K, committed 18304K, reserved 1048576K
Event: 39.678 GC heap after
Heap after GC invocations=20 (full 4):
 PSYoungGen      total 302080K, used 9764K [0x0000000781f80000, 0x0000000796100000, 0x00000007c0000000)
  eden space 282112K, 0% used [0x0000000781f80000,0x0000000781f80000,0x0000000793300000)
  from space 19968K, 48% used [0x0000000794d80000,0x0000000795709250,0x0000000796100000)
  to   space 23552K, 0% used [0x0000000793300000,0x0000000793300000,0x0000000794a00000)
 ParOldGen       total 269824K, used 34116K [0x0000000705e00000, 0x0000000716580000, 0x0000000781f80000)
  object space 269824K, 12% used [0x0000000705e00000,0x0000000707f512c0,0x0000000716580000)
 Metaspace       used 113744K, capacity 118198K, committed 118400K, reserved 1148928K
  class space    used 15082K, capacity 18294K, committed 18304K, reserved 1048576K
}

